[debug] [2020-04-23T16:05:58.772Z] ----------------------------------------------------------------------
[debug] [2020-04-23T16:05:58.773Z] Command:       C:\Program Files\nodejs\node.exe C:\Users\Tete\AppData\Roaming\npm\node_modules\firebase-tools\lib\bin\firebase.js init
[debug] [2020-04-23T16:05:58.773Z] CLI Version:   8.0.2
[debug] [2020-04-23T16:05:58.774Z] Platform:      win32
[debug] [2020-04-23T16:05:58.774Z] Node Version:  v12.16.1
[debug] [2020-04-23T16:05:58.775Z] Time:          Thu Apr 23 2020 17:05:58 GMT+0100 (GMT+01:00)
[debug] [2020-04-23T16:05:58.775Z] ----------------------------------------------------------------------
[debug] [2020-04-23T16:05:58.775Z] 
[debug] [2020-04-23T16:05:58.783Z] > command requires scopes: ["email","openid","https://www.googleapis.com/auth/cloudplatformprojects.readonly","https://www.googleapis.com/auth/firebase","https://www.googleapis.com/auth/cloud-platform"]
[debug] [2020-04-23T16:05:58.784Z] > authorizing via signed-in user
[info] 
     ######## #### ########  ######## ########     ###     ######  ########
     ##        ##  ##     ## ##       ##     ##  ##   ##  ##       ##
     ######    ##  ########  ######   ########  #########  ######  ######
     ##        ##  ##    ##  ##       ##     ## ##     ##       ## ##
     ##       #### ##     ## ######## ########  ##     ##  ######  ########

You're about to initialize a Firebase project in this directory:

  D:\Clases de Java\Ejercicios\bibliotecaEspaña

[info] 
=== Project Setup
[info] 
[info] First, let's associate this project directory with a Firebase project.
[info] You can create multiple project aliases by running firebase use --add, 
[info] but for now we'll just set up a default project.
[info] 
[info] i  If you want to create a project in a Google Cloud organization or folder, please use "firebase projects:create" instead, and return to this command when you've created the project.
[debug] [2020-04-23T16:07:22.813Z] ----------------------------------------------------------------------
[debug] [2020-04-23T16:07:22.815Z] Command:       C:\Program Files\nodejs\node.exe C:\Users\Tete\AppData\Roaming\npm\node_modules\firebase-tools\lib\bin\firebase.js init
[debug] [2020-04-23T16:07:22.815Z] CLI Version:   8.0.2
[debug] [2020-04-23T16:07:22.815Z] Platform:      win32
[debug] [2020-04-23T16:07:22.815Z] Node Version:  v12.16.1
[debug] [2020-04-23T16:07:22.816Z] Time:          Thu Apr 23 2020 17:07:22 GMT+0100 (GMT+01:00)
[debug] [2020-04-23T16:07:22.817Z] ----------------------------------------------------------------------
[debug] [2020-04-23T16:07:22.817Z] 
[debug] [2020-04-23T16:07:22.823Z] > command requires scopes: ["email","openid","https://www.googleapis.com/auth/cloudplatformprojects.readonly","https://www.googleapis.com/auth/firebase","https://www.googleapis.com/auth/cloud-platform"]
[debug] [2020-04-23T16:07:22.823Z] > authorizing via signed-in user
[info] 
     ######## #### ########  ######## ########     ###     ######  ########
     ##        ##  ##     ## ##       ##     ##  ##   ##  ##       ##
     ######    ##  ########  ######   ########  #########  ######  ######
     ##        ##  ##    ##  ##       ##     ## ##     ##       ## ##
     ##       #### ##     ## ######## ########  ##     ##  ######  ########

You're about to initialize a Firebase project in this directory:

  D:\Clases de Java\Ejercicios\bibliotecaEspaña

[info] 
=== Project Setup
[info] 
[info] First, let's associate this project directory with a Firebase project.
[info] You can create multiple project aliases by running firebase use --add, 
[info] but for now we'll just set up a default project.
[info] 
[debug] [2020-04-23T16:07:29.586Z] > refreshing access token with scopes: ["email","https://www.googleapis.com/auth/cloud-platform","https://www.googleapis.com/auth/cloudplatformprojects.readonly","https://www.googleapis.com/auth/firebase","openid"]
[debug] [2020-04-23T16:07:29.587Z] >>> HTTP REQUEST POST https://www.googleapis.com/oauth2/v3/token  
 <request body omitted>
[debug] [2020-04-23T16:07:29.901Z] <<< HTTP RESPONSE 200 {"content-type":"application/json; charset=utf-8","vary":"X-Origin, Referer, Origin,Accept-Encoding","date":"Thu, 23 Apr 2020 16:07:29 GMT","server":"scaffolding on HTTPServer2","cache-control":"private","x-xss-protection":"0","x-frame-options":"SAMEORIGIN","x-content-type-options":"nosniff","alt-svc":"quic=\":443\"; ma=2592000; v=\"46,43\",h3-Q050=\":443\"; ma=2592000,h3-Q049=\":443\"; ma=2592000,h3-Q048=\":443\"; ma=2592000,h3-Q046=\":443\"; ma=2592000,h3-Q043=\":443\"; ma=2592000,h3-T050=\":443\"; ma=2592000","accept-ranges":"none","transfer-encoding":"chunked"}
[debug] [2020-04-23T16:07:29.906Z] >>> HTTP REQUEST GET https://firebase.googleapis.com/v1beta1/projects?pageSize=100  
 
[debug] [2020-04-23T16:07:30.364Z] <<< HTTP RESPONSE 200 {"content-type":"application/json; charset=UTF-8","vary":"X-Origin, Referer, Origin,Accept-Encoding","date":"Thu, 23 Apr 2020 16:07:30 GMT","server":"ESF","cache-control":"private","x-xss-protection":"0","x-frame-options":"SAMEORIGIN","x-content-type-options":"nosniff","alt-svc":"quic=\":443\"; ma=2592000; v=\"46,43\",h3-Q050=\":443\"; ma=2592000,h3-Q049=\":443\"; ma=2592000,h3-Q048=\":443\"; ma=2592000,h3-Q046=\":443\"; ma=2592000,h3-Q043=\":443\"; ma=2592000,h3-T050=\":443\"; ma=2592000","accept-ranges":"none","transfer-encoding":"chunked"}
